\BOOKMARK [1][-]{section.1}{\376\377\000I\000n\000t\000r\000o\000d\000u\000c\000t\000i\000o\000n}{}% 1
\BOOKMARK [1][-]{section.2}{\376\377\000L\000i\000g\000h\000t\000s\000i\000d\000e\000\040\000I\000n\000s\000t\000r\000u\000m\000e\000n\000t\000s\000\040\000A\000S}{}% 2
\BOOKMARK [1][-]{section.3}{\376\377\000T\000e\000c\000h\000n\000i\000c\000a\000l\000\040\000b\000a\000c\000k\000g\000r\000o\000u\000n\000d}{}% 3
\BOOKMARK [2][-]{subsection.3.1}{\376\377\000N\000E\000T\000C\000O\000N\000F\000\040\000a\000n\000d\000\040\000Y\000A\000N\000G}{section.3}% 4
\BOOKMARK [2][-]{subsection.3.2}{\376\377\000Y\000u\000m\000a\0001\0002\0003}{section.3}% 5
\BOOKMARK [2][-]{subsection.3.3}{\376\377\000N\000o\000d\000e\000J\000S}{section.3}% 6
\BOOKMARK [2][-]{subsection.3.4}{\376\377\000N\000o\000d\000e\000-\000Y\000u\000m\000a\0001\0002\0003}{section.3}% 7
\BOOKMARK [2][-]{subsection.3.5}{\376\377\000N\000o\000d\000e\000-\000R\000E\000D}{section.3}% 8
\BOOKMARK [2][-]{subsection.3.6}{\376\377\000G\000r\000a\000f\000a\000n\000a}{section.3}% 9
\BOOKMARK [2][-]{subsection.3.7}{\376\377\000X\000M\000L\000\040\000a\000n\000d\000\040\000X\000P\000A\000T\000H}{section.3}% 10
\BOOKMARK [2][-]{subsection.3.8}{\376\377\000S\000c\000r\000u\000m}{section.3}% 11
\BOOKMARK [2][-]{subsection.3.9}{\376\377\000K\000a\000n\000b\000a\000n}{section.3}% 12
\BOOKMARK [2][-]{subsection.3.10}{\376\377\000W\000a\000t\000e\000r\000f\000a\000l\000l}{section.3}% 13
\BOOKMARK [2][-]{subsection.3.11}{\376\377\000E\000x\000t\000r\000e\000m\000e\000\040\000P\000r\000o\000g\000r\000a\000m\000m\000i\000n\000g}{section.3}% 14
\BOOKMARK [1][-]{section.4}{\376\377\000W\000o\000r\000k\000\040\000M\000e\000t\000h\000o\000d\000o\000l\000o\000g\000y}{}% 15
\BOOKMARK [2][-]{subsection.4.1}{\376\377\000R\000e\000s\000e\000a\000r\000c\000h\000\040\000Q\000u\000e\000s\000t\000i\000o\000n}{section.4}% 16
\BOOKMARK [2][-]{subsection.4.2}{\376\377\000S\000c\000o\000p\000i\000n\000g\000\040\000R\000e\000v\000i\000e\000w}{section.4}% 17
\BOOKMARK [3][-]{subsubsection.4.2.1}{\376\377\000S\000e\000a\000r\000c\000h\000\040\000s\000t\000r\000a\000t\000e\000g\000y}{subsection.4.2}% 18
\BOOKMARK [3][-]{subsubsection.4.2.2}{\376\377\000E\000x\000c\000l\000u\000s\000i\000o\000n\000\040\000C\000r\000i\000t\000e\000r\000i\000a}{subsection.4.2}% 19
\BOOKMARK [3][-]{subsubsection.4.2.3}{\376\377\000R\000e\000s\000u\000l\000t}{subsection.4.2}% 20
\BOOKMARK [4][-]{paragraph.4.2.3.1}{\376\377\000P\000R\000I\000S\000M\000A\000\040\000f\000l\000o\000w\000\040\000d\000i\000a\000g\000r\000a\000m}{subsubsection.4.2.3}% 21
\BOOKMARK [2][-]{subsection.4.3}{\376\377\000S\000c\000r\000u\000m}{section.4}% 22
\BOOKMARK [3][-]{subsubsection.4.3.1}{\376\377\000E\000v\000i\000d\000e\000n\000t\000i\000a\000r\000y\000\040\000f\000o\000u\000n\000d\000a\000t\000i\000o\000n}{subsection.4.3}% 23
\BOOKMARK [2][-]{subsection.4.4}{\376\377\000K\000a\000n\000b\000a\000n}{section.4}% 24
\BOOKMARK [3][-]{subsubsection.4.4.1}{\376\377\000E\000v\000i\000d\000e\000n\000t\000i\000a\000r\000y\000\040\000f\000o\000u\000n\000d\000a\000t\000i\000o\000n}{subsection.4.4}% 25
\BOOKMARK [2][-]{subsection.4.5}{\376\377\000W\000a\000t\000e\000r\000f\000a\000l\000l}{section.4}% 26
\BOOKMARK [3][-]{subsubsection.4.5.1}{\376\377\000E\000v\000i\000d\000e\000n\000t\000i\000a\000r\000y\000\040\000f\000o\000u\000n\000d\000a\000t\000i\000o\000n}{subsection.4.5}% 27
\BOOKMARK [2][-]{subsection.4.6}{\376\377\000E\000x\000t\000r\000e\000m\000e\000\040\000P\000r\000o\000g\000r\000a\000m\000m\000i\000n\000g}{section.4}% 28
\BOOKMARK [3][-]{subsubsection.4.6.1}{\376\377\000E\000v\000i\000d\000e\000n\000t\000i\000a\000r\000y\000\040\000f\000o\000u\000n\000d\000a\000t\000i\000o\000n}{subsection.4.6}% 29
\BOOKMARK [2][-]{subsection.4.7}{\376\377\000D\000e\000v\000O\000p\000s}{section.4}% 30
\BOOKMARK [3][-]{subsubsection.4.7.1}{\376\377\000E\000v\000i\000d\000e\000n\000t\000i\000a\000r\000y\000\040\000f\000o\000u\000n\000d\000a\000t\000i\000o\000n}{subsection.4.7}% 31
\BOOKMARK [2][-]{subsection.4.8}{\376\377\000C\000o\000n\000c\000l\000u\000s\000i\000o\000n}{section.4}% 32
\BOOKMARK [2][-]{subsection.4.9}{\376\377\000O\000u\000r\000\040\000W\000o\000r\000k\000\040\000M\000e\000t\000h\000o\000d\000o\000l\000o\000g\000y}{section.4}% 33
\BOOKMARK [1][-]{section.5}{\376\377\000N\000E\000T\000C\000O\000N\000F\000\040\000a\000n\000d\000\040\000Y\000A\000N\000G\000\040\000s\000e\000n\000s\000o\000r\000\040\000m\000a\000n\000a\000g\000e\000m\000e\000n\000t}{}% 34
\BOOKMARK [2][-]{subsection.5.1}{\376\377\000N\000E\000T\000C\000O\000N\000F}{section.5}% 35
\BOOKMARK [2][-]{subsection.5.2}{\376\377\000Y\000A\000N\000G\000\040\000M\000o\000d\000e\000l}{section.5}% 36
\BOOKMARK [2][-]{subsection.5.3}{\376\377\000N\000o\000d\000e\000-\000R\000E\000D}{section.5}% 37
\BOOKMARK [3][-]{subsubsection.5.3.1}{\376\377\000R\000e\000d\000-\000N\000e\000t\000c\000o\000n\000f}{subsection.5.3}% 38
\BOOKMARK [4][-]{paragraph.5.3.1.1}{\376\377\000T\000e\000m\000p\000e\000r\000a\000t\000u\000r\000e\000\040\000a\000l\000e\000r\000t}{subsubsection.5.3.1}% 39
\BOOKMARK [3][-]{subsubsection.5.3.2}{\376\377\000N\000o\000d\000e\000-\000Y\000u\000m\000a\0001\0002\0003}{subsection.5.3}% 40
\BOOKMARK [4][-]{paragraph.5.3.2.1}{\376\377\000e\000a\000s\000y\000N\000e\000t\000c\000o\000n\000f}{subsubsection.5.3.2}% 41
\BOOKMARK [2][-]{subsection.5.4}{\376\377\000G\000r\000a\000f\000a\000n\000a}{section.5}% 42
\BOOKMARK [3][-]{subsubsection.5.4.1}{\376\377\000N\000e\000t\000c\000o\000n\000f\000A\000g\000g\000r\000e\000g\000a\000t\000o\000r}{subsection.5.4}% 43
\BOOKMARK [2][-]{subsection.5.5}{\376\377\000D\000e\000c\000e\000n\000t\000r\000a\000l\000i\000z\000e\000d\000\040\000m\000o\000n\000i\000t\000o\000r\000i\000n\000g}{section.5}% 44
\BOOKMARK [1][-]{section.6}{\376\377\000N\000E\000T\000C\000O\000N\000F\000\040\000S\000e\000c\000u\000r\000i\000t\000y}{}% 45
\BOOKMARK [2][-]{subsection.6.1}{\376\377\000S\000S\000H\000\040\000h\000a\000r\000d\000e\000n\000i\000n\000g}{section.6}% 46
\BOOKMARK [1][-]{figure.caption.13}{\376\377\000R\000e\000f\000e\000r\000e\000n\000c\000e\000s}{}% 47
